This is pdfTeX, Version 3.1415926-1.40.10 (TeX Live 2009/Debian) (format=pdflatex 2010.8.30)  14 OCT 2010 12:24
entering extended mode
 restricted \write18 enabled.
 %&-line parsing enabled.
**auto.tex
(./auto.tex
LaTeX2e <2009/09/24>
Babel <v3.8l> and hyphenation patterns for english, usenglishmax, dumylang, noh
yphenation, croatian, bulgarian, ukrainian, russian, czech, slovak, danish, dut
ch, finnish, french, basque, ngerman, german, german-x-2009-06-19, ngerman-x-20
09-06-19, ibycus, monogreek, greek, ancientgreek, hungarian, italian, latin, mo
ngolian2a, mongolian, bokmal, nynorsk, romanian, irish, coptic, serbian, turkis
h, welsh, esperanto, uppersorbian, estonian, indonesian, interlingua, icelandic
, kurmanji, slovenian, polish, portuguese, spanish, galician, catalan, swedish,
 loaded.
(/usr/share/texmf-texlive/tex/latex/ntgclass/artikel1.cls
Document Class: artikel1 2004/06/07 v2.1a NTG LaTeX document class
(/usr/share/texmf-texlive/tex/latex/ntgclass/ntg10.clo
File: ntg10.clo 2004/06/07 v2.1a NTG LaTeX file (size option)
)
\unitindent=\dimen102
\othermargin=\dimen103
\c@part=\count79
\c@section=\count80
\c@subsection=\count81
\c@subsubsection=\count82
\c@paragraph=\count83
\c@subparagraph=\count84
\c@figure=\count85
\c@table=\count86
\abovecaptionskip=\skip41
\belowcaptionskip=\skip42
LaTeX Info: Redefining \em on input line 756.
\bibindent=\dimen104
)
(/usr/share/texmf-texlive/tex/generic/babel/babel.sty
Package: babel 2008/07/06 v3.8l The Babel package

(/usr/share/texmf-texlive/tex/generic/babel/dutch.ldf
Language: dutch 2005/03/30 v3.8i Dutch support from the babel system

(/usr/share/texmf-texlive/tex/generic/babel/babel.def
File: babel.def 2008/07/06 v3.8l Babel common definitions
\babel@savecnt=\count87
\U@D=\dimen105
)
Package babel Info: Making " an active character on input line 132.
))
(/usr/share/texmf-texlive/tex/latex/ucs/ucs.sty
Package: ucs 2004/10/17 UCS: Unicode input support

(/usr/share/texmf-texlive/tex/latex/ucs/data/uni-global.def
File: uni-global.def 2004/10/17 UCS: Unicode global data
)
\uc@secondtry=\count88
\uc@combtoks=\toks14
\uc@combtoksb=\toks15
\uc@temptokena=\toks16
)
(/usr/share/texmf-texlive/tex/latex/base/inputenc.sty
Package: inputenc 2008/03/30 v1.1d Input encoding file
\inpenc@prehook=\toks17
\inpenc@posthook=\toks18

(/usr/share/texmf-texlive/tex/latex/ucs/utf8x.def
File: utf8x.def 2004/10/17 UCS: Input encoding UTF-8
))
(/usr/share/texmf-texlive/tex/latex/preprint/fullpage.sty
Package: fullpage 1999/02/23 1.1 (PWD)
\FP@margin=\skip43
)
(/usr/share/texmf-texlive/tex/latex/ltxmisc/url.sty
\Urlmuskip=\muskip10
Package: url 2006/04/12  ver 3.3  Verb mode for urls, etc.
)
(/usr/share/texmf-texlive/tex/latex/eurosans/eurosans.sty
Package: eurosans 2004/01/26 v3.1 using the Adobe Euro fonts (WaS)

(/usr/share/texmf-texlive/tex/latex/graphics/keyval.sty
Package: keyval 1999/03/16 v1.13 key=value parser (DPC)
\KV@toks@=\toks19
)) (./auto.aux)
\openout1 = `auto.aux'.

LaTeX Font Info:    Checking defaults for OML/cmm/m/it on input line 21.
LaTeX Font Info:    ... okay on input line 21.
LaTeX Font Info:    Checking defaults for T1/cmr/m/n on input line 21.
LaTeX Font Info:    ... okay on input line 21.
LaTeX Font Info:    Checking defaults for OT1/cmr/m/n on input line 21.
LaTeX Font Info:    ... okay on input line 21.
LaTeX Font Info:    Checking defaults for OMS/cmsy/m/n on input line 21.
LaTeX Font Info:    ... okay on input line 21.
LaTeX Font Info:    Checking defaults for OMX/cmex/m/n on input line 21.
LaTeX Font Info:    ... okay on input line 21.
LaTeX Font Info:    Checking defaults for U/cmr/m/n on input line 21.
LaTeX Font Info:    ... okay on input line 21.

(/usr/share/texmf-texlive/tex/latex/ucs/ucsencs.def
File: ucsencs.def 2003/11/29 Fixes to fontencodings LGR, T3
)
LaTeX Font Info:    External font `cmex10' loaded for size
(Font)              <12> on input line 22.
LaTeX Font Info:    External font `cmex10' loaded for size
(Font)              <8> on input line 22.
LaTeX Font Info:    External font `cmex10' loaded for size
(Font)              <6> on input line 22.
 [1

{/var/lib/texmf/fonts/map/pdftex/updmap/pdftex.map}] (./auto.toc)
\tf@toc=\write3
\openout3 = `auto.toc'.

 [1] [2]
LaTeX Font Info:    External font `cmex10' loaded for size
(Font)              <7> on input line 81.
LaTeX Font Info:    External font `cmex10' loaded for size
(Font)              <5> on input line 81.
LaTeX Font Info:    Try loading font information for OMS+cmr on input line 90.

(/usr/share/texmf-texlive/tex/latex/base/omscmr.fd
File: omscmr.fd 1999/05/25 v2.5h Standard LaTeX font definitions
)
LaTeX Font Info:    Font shape `OMS/cmr/m/n' in size <10> not available
(Font)              Font shape `OMS/cmsy/m/n' tried instead on input line 90.
 [3]

! Package inputenc Error: Keyboard character used is undefined
(inputenc)                in inputencoding `utf8x'.

See the inputenc package documentation for explanation.
Type  H <return>  for immediate help.
 ...                                              
                                                  
l.130 ... in bytes per tijdseenheid^^[$B!I^^[(B ?}
                                                  
? 

! Package inputenc Error: Keyboard character used is undefined
(inputenc)                in inputencoding `utf8x'.

See the inputenc package documentation for explanation.
Type  H <return>  for immediate help.
 ...                                              
                                                  
l.130 ... in bytes per tijdseenheid^^[$B!I^^[(B ?}
                                                  
? q
OK, entering \batchmode...

! Package inputenc Error: Keyboard character used is undefined
(inputenc)                in inputencoding `utf8x'.

See the inputenc package documentation for explanation.
Type  H <return>  for immediate help.
 ...                                              
                                                  
l.130 ... in bytes per tijdseenheid^^[$B!I^^[(B ?}
                                                  
You need to provide a definition with \DeclareInputText 
or \DeclareInputMath before using this key.


! Package inputenc Error: Keyboard character used is undefined
(inputenc)                in inputencoding `utf8x'.

See the inputenc package documentation for explanation.
Type  H <return>  for immediate help.
 ...                                              
                                                  
l.130 ... in bytes per tijdseenheid^^[$B!I^^[(B ?}
                                                  
You need to provide a definition with \DeclareInputText 
or \DeclareInputMath before using this key.


Overfull \hbox (0.43555pt too wide) in paragraph at lines 130--130
\OML/cmm/m/it/10 B\OT1/cmr/m/n/10 !\OML/cmm/m/it/10 H\OT1/cmr/m/n/10 (\OML/cmm/
m/it/10 BDeomvangvandeobjectcode\OT1/cmr/m/n/10 (\OML/cmm/m/it/10 gecompileerde
programmatuur\OT1/cmr/m/n/10 )\OML/cmm/m/it/10 inbytespertijdseenheid$\OT1/cmr/
m/n/10 B!I(B 
 []


Underfull \hbox (badness 10000) in paragraph at lines 157--160

 []


Underfull \hbox (badness 10000) in paragraph at lines 157--160

 []


Underfull \hbox (badness 10000) in paragraph at lines 157--160

 []


Underfull \hbox (badness 10000) in paragraph at lines 157--160

 []

 [4] [5] (./auto.aux) ) 
Here is how much of TeX's memory you used:
 1072 strings out of 493911
 14804 string characters out of 1155272
 76058 words of memory out of 3000000
 4355 multiletter control sequences out of 15000+50000
 8002 words of font info for 28 fonts, out of 3000000 for 9000
 706 hyphenation exceptions out of 8191
 24i,6n,24p,345b,207s stack positions out of 5000i,500n,10000p,200000b,50000s
</usr/share/texmf-texlive/fonts/type1/public/amsfonts/cm
/cmbx10.pfb></usr/share/texmf-texlive/fonts/type1/public/amsfonts/cm/cmbx12.pfb
></usr/share/texmf-texlive/fonts/type1/public/amsfonts/cm/cmbxsl10.pfb></usr/sh
are/texmf-texlive/fonts/type1/public/amsfonts/cm/cmmi10.pfb></usr/share/texmf-t
exlive/fonts/type1/public/amsfonts/cm/cmmi7.pfb></usr/share/texmf-texlive/fonts
/type1/public/amsfonts/cm/cmr10.pfb></usr/share/texmf-texlive/fonts/type1/publi
c/amsfonts/cm/cmr12.pfb></usr/share/texmf-texlive/fonts/type1/public/amsfonts/c
m/cmr17.pfb></usr/share/texmf-texlive/fonts/type1/public/amsfonts/cm/cmr7.pfb><
/usr/share/texmf-texlive/fonts/type1/public/amsfonts/cm/cmsl10.pfb></usr/share/
texmf-texlive/fonts/type1/public/amsfonts/cm/cmsy10.pfb></usr/share/texmf-texli
ve/fonts/type1/public/amsfonts/cm/cmsy7.pfb>
Output written on auto.pdf (6 pages, 148774 bytes).
PDF statistics:
 69 PDF objects out of 1000 (max. 8388607)
 0 named destinations out of 1000 (max. 500000)
 1 words of extra memory for PDF output out of 10000 (max. 10000000)

